<?xml version="1.0" encoding="UTF-8"?>
<beans xmlns="http://www.springframework.org/schema/beans"
       xmlns:xsi="http://www.w3.org/2001/XMLSchema-instance"
       xmlns:context="http://www.springframework.org/schema/context"
       xmlns:util="http://www.springframework.org/schema/util"
       xmlns:cache="http://www.springframework.org/schema/cache"
       xsi:schemaLocation="http://www.springframework.org/schema/beans
                           http://www.springframework.org/schema/beans/spring-beans-4.1.xsd
                           http://www.springframework.org/schema/context
                           http://www.springframework.org/schema/context/spring-context-4.1.xsd
                           http://www.springframework.org/schema/util
                           http://www.springframework.org/schema/util/spring-util-4.1.xsd
                            http://www.springframework.org/schema/cache
                            http://www.springframework.org/schema/cache/spring-cache-4.1.xsd">

    <util:properties id="admin" location="classpath:/admin-config.properties"/>

    <context:component-scan base-package="br.net.mirante.singular"/>

    <bean id="uiAdminWicketFilterContext" class="br.net.mirante.singular.wicket.UIAdminWicketFilterContext"/>
    
    <bean id="myWebApp" class="br.net.mirante.singular.wicket.ShowcaseApplication"/>
    
    <cache:annotation-driven />
    <bean id="ehCacheManagerFactoryBean" class="org.springframework.cache.ehcache.EhCacheManagerFactoryBean">
        <property name="configLocation">
            <bean class="org.springframework.core.io.ClassPathResource">
                <constructor-arg name="path" value="admin-ehcache.xml"/>
            </bean>
        </property>
        <property name="shared" value="true"/>
    </bean>
    <bean id="cacheManager" class="org.springframework.cache.ehcache.EhCacheCacheManager">
        <property name="cacheManager" ref="ehCacheManagerFactoryBean"/>
    </bean>
    
    <!-- 
    <bean name="dataSourceSingular" class="org.springframework.jdbc.datasource.DriverManagerDataSource">
        <property name="driverClassName" value="net.sourceforge.jtds.jdbc.Driver"/>
        <property name="url" value="jdbc:jtds:sqlserver://miraloc:1433/miranteDev8"/>
        <property name="username" value="miranteDev"/>
        <property name="password" value="miranteDev"/>
    </bean>

    <bean id="sessionFactory" class="org.springframework.orm.hibernate4.LocalSessionFactoryBean">
        <property name="dataSource" ref="dataSourceSingular"/>
        <property name="hibernateProperties">
            <props>
                <prop key="hibernate.dialect">org.hibernate.dialect.SQLServer2005Dialect</prop>
                <prop key="hibernate.connection.isolation">2</prop>
                <prop key="hibernate.jdbc.batch_size">30</prop>
                <prop key="hibernate.show_sql">true</prop>
                <prop key="hibernate.format_sql">true</prop>
            </props>
        </property>
    </bean>

    <tx:annotation-driven proxy-target-class="true"/>
    <bean id="transactionManager" class="org.springframework.orm.hibernate4.HibernateTransactionManager">
        <property name="sessionFactory" ref="sessionFactory"/>
        <property name="dataSource" ref="dataSourceSingular"/>
    </bean>
    
    
     -->

</beans>